{"/Users/levontamrazov/Documents/projects/react-node-chat/server/index.js":{"path":"/Users/levontamrazov/Documents/projects/react-node-chat/server/index.js","s":{"1":1,"2":1,"3":1,"4":1,"5":1,"6":1,"7":1,"8":1,"9":1,"10":1,"11":1,"12":1,"13":1,"14":1},"b":{},"f":{},"fnMap":{},"statementMap":{"1":{"start":{"line":7,"column":0},"end":{"line":7,"column":35}},"2":{"start":{"line":8,"column":0},"end":{"line":8,"column":29}},"3":{"start":{"line":9,"column":0},"end":{"line":9,"column":33}},"4":{"start":{"line":10,"column":0},"end":{"line":10,"column":54}},"5":{"start":{"line":11,"column":0},"end":{"line":11,"column":57}},"6":{"start":{"line":12,"column":0},"end":{"line":12,"column":39}},"7":{"start":{"line":14,"column":0},"end":{"line":14,"column":31}},"8":{"start":{"line":16,"column":0},"end":{"line":16,"column":20}},"9":{"start":{"line":21,"column":0},"end":{"line":21,"column":18}},"10":{"start":{"line":26,"column":0},"end":{"line":26,"column":25}},"11":{"start":{"line":31,"column":0},"end":{"line":31,"column":58}},"12":{"start":{"line":36,"column":0},"end":{"line":36,"column":21}},"13":{"start":{"line":41,"column":0},"end":{"line":41,"column":24}},"14":{"start":{"line":46,"column":0},"end":{"line":46,"column":21}}},"branchMap":{}},"/Users/levontamrazov/Documents/projects/react-node-chat/server/lib/express-logger/index.js":{"path":"/Users/levontamrazov/Documents/projects/react-node-chat/server/lib/express-logger/index.js","s":{"1":1,"2":1,"3":1,"4":0,"5":0,"6":1},"b":{},"f":{"1":1,"2":0},"fnMap":{"1":{"name":"ExpressLogger","line":15,"loc":{"start":{"line":15,"column":0},"end":{"line":15,"column":30}}},"2":{"name":"middleware","line":23,"loc":{"start":{"line":23,"column":11},"end":{"line":23,"column":48}}}},"statementMap":{"1":{"start":{"line":7,"column":0},"end":{"line":7,"column":36}},"2":{"start":{"line":15,"column":0},"end":{"line":27,"column":1}},"3":{"start":{"line":23,"column":4},"end":{"line":26,"column":6}},"4":{"start":{"line":24,"column":8},"end":{"line":24,"column":57}},"5":{"start":{"line":25,"column":8},"end":{"line":25,"column":15}},"6":{"start":{"line":29,"column":0},"end":{"line":29,"column":31}}},"branchMap":{}},"/Users/levontamrazov/Documents/projects/react-node-chat/server/lib/logger/index.js":{"path":"/Users/levontamrazov/Documents/projects/react-node-chat/server/lib/logger/index.js","s":{"1":1,"2":1,"3":1,"4":0,"5":1},"b":{},"f":{"1":0},"fnMap":{"1":{"name":"(anonymous_1)","line":18,"loc":{"start":{"line":18,"column":15},"end":{"line":18,"column":27}}}},"statementMap":{"1":{"start":{"line":7,"column":0},"end":{"line":7,"column":35}},"2":{"start":{"line":12,"column":0},"end":{"line":12,"column":43}},"3":{"start":{"line":17,"column":0},"end":{"line":24,"column":3}},"4":{"start":{"line":20,"column":8},"end":{"line":20,"column":78}},"5":{"start":{"line":26,"column":0},"end":{"line":26,"column":25}}},"branchMap":{}},"/Users/levontamrazov/Documents/projects/react-node-chat/server/lib/error-util/index.js":{"path":"/Users/levontamrazov/Documents/projects/react-node-chat/server/lib/error-util/index.js","s":{"1":1,"2":1,"3":1,"4":1,"5":1},"b":{},"f":{},"fnMap":{},"statementMap":{"1":{"start":{"line":8,"column":0},"end":{"line":8,"column":38}},"2":{"start":{"line":9,"column":0},"end":{"line":9,"column":51}},"3":{"start":{"line":14,"column":0},"end":{"line":14,"column":34}},"4":{"start":{"line":19,"column":0},"end":{"line":19,"column":41}},"5":{"start":{"line":24,"column":0},"end":{"line":24,"column":29}}},"branchMap":{}},"/Users/levontamrazov/Documents/projects/react-node-chat/server/lib/error-util/errors.js":{"path":"/Users/levontamrazov/Documents/projects/react-node-chat/server/lib/error-util/errors.js","s":{"1":1,"2":1,"3":1,"4":0,"5":0,"6":0,"7":0,"8":0,"9":0,"10":0,"11":1,"12":0},"b":{"1":[0,0],"2":[0,0],"3":[0,0],"4":[0,0],"5":[0,0],"6":[0,0],"7":[0,0]},"f":{"1":1,"2":0,"3":0,"4":0,"5":0,"6":0,"7":0,"8":0,"9":0},"fnMap":{"1":{"name":"getTypes","line":13,"loc":{"start":{"line":13,"column":0},"end":{"line":13,"column":21}}},"2":{"name":"(anonymous_2)","line":15,"loc":{"start":{"line":15,"column":27},"end":{"line":15,"column":33}}},"3":{"name":"(anonymous_3)","line":19,"loc":{"start":{"line":19,"column":20},"end":{"line":19,"column":26}}},"4":{"name":"(anonymous_4)","line":23,"loc":{"start":{"line":23,"column":21},"end":{"line":23,"column":27}}},"5":{"name":"(anonymous_5)","line":27,"loc":{"start":{"line":27,"column":17},"end":{"line":27,"column":23}}},"6":{"name":"(anonymous_6)","line":31,"loc":{"start":{"line":31,"column":18},"end":{"line":31,"column":24}}},"7":{"name":"(anonymous_7)","line":35,"loc":{"start":{"line":35,"column":19},"end":{"line":35,"column":25}}},"8":{"name":"(anonymous_8)","line":39,"loc":{"start":{"line":39,"column":16},"end":{"line":39,"column":22}}},"9":{"name":"createError","line":49,"loc":{"start":{"line":49,"column":0},"end":{"line":49,"column":39}}}},"statementMap":{"1":{"start":{"line":7,"column":0},"end":{"line":7,"column":43}},"2":{"start":{"line":13,"column":0},"end":{"line":43,"column":1}},"3":{"start":{"line":14,"column":4},"end":{"line":42,"column":6}},"4":{"start":{"line":16,"column":12},"end":{"line":16,"column":66}},"5":{"start":{"line":20,"column":12},"end":{"line":20,"column":68}},"6":{"start":{"line":24,"column":12},"end":{"line":24,"column":60}},"7":{"start":{"line":28,"column":12},"end":{"line":28,"column":65}},"8":{"start":{"line":32,"column":12},"end":{"line":32,"column":63}},"9":{"start":{"line":36,"column":12},"end":{"line":36,"column":58}},"10":{"start":{"line":40,"column":12},"end":{"line":40,"column":60}},"11":{"start":{"line":49,"column":0},"end":{"line":55,"column":1}},"12":{"start":{"line":50,"column":4},"end":{"line":54,"column":6}}},"branchMap":{"1":{"line":16,"type":"binary-expr","locations":[{"start":{"line":16,"column":36},"end":{"line":16,"column":39}},{"start":{"line":16,"column":43},"end":{"line":16,"column":64}}]},"2":{"line":20,"type":"binary-expr","locations":[{"start":{"line":20,"column":36},"end":{"line":20,"column":39}},{"start":{"line":20,"column":43},"end":{"line":20,"column":66}}]},"3":{"line":24,"type":"binary-expr","locations":[{"start":{"line":24,"column":36},"end":{"line":24,"column":39}},{"start":{"line":24,"column":43},"end":{"line":24,"column":58}}]},"4":{"line":28,"type":"binary-expr","locations":[{"start":{"line":28,"column":36},"end":{"line":28,"column":39}},{"start":{"line":28,"column":43},"end":{"line":28,"column":63}}]},"5":{"line":32,"type":"binary-expr","locations":[{"start":{"line":32,"column":36},"end":{"line":32,"column":39}},{"start":{"line":32,"column":43},"end":{"line":32,"column":61}}]},"6":{"line":36,"type":"binary-expr","locations":[{"start":{"line":36,"column":36},"end":{"line":36,"column":39}},{"start":{"line":36,"column":43},"end":{"line":36,"column":56}}]},"7":{"line":40,"type":"binary-expr","locations":[{"start":{"line":40,"column":36},"end":{"line":40,"column":39}},{"start":{"line":40,"column":43},"end":{"line":40,"column":58}}]}}},"/Users/levontamrazov/Documents/projects/react-node-chat/server/lib/error-util/express-handler.js":{"path":"/Users/levontamrazov/Documents/projects/react-node-chat/server/lib/error-util/express-handler.js","s":{"1":1,"2":1,"3":1,"4":1,"5":0,"6":0,"7":0,"8":0,"9":0,"10":0,"11":0,"12":0,"13":0},"b":{"1":[0,0],"2":[0,0],"3":[0,0],"4":[0,0]},"f":{"1":1,"2":0},"fnMap":{"1":{"name":"ErrorHandler","line":12,"loc":{"start":{"line":12,"column":0},"end":{"line":12,"column":29}}},"2":{"name":"middleware","line":13,"loc":{"start":{"line":13,"column":11},"end":{"line":13,"column":53}}}},"statementMap":{"1":{"start":{"line":8,"column":0},"end":{"line":8,"column":36}},"2":{"start":{"line":10,"column":0},"end":{"line":10,"column":30}},"3":{"start":{"line":12,"column":0},"end":{"line":37,"column":1}},"4":{"start":{"line":13,"column":4},"end":{"line":36,"column":6}},"5":{"start":{"line":14,"column":8},"end":{"line":17,"column":9}},"6":{"start":{"line":16,"column":12},"end":{"line":16,"column":26}},"7":{"start":{"line":21,"column":8},"end":{"line":23,"column":9}},"8":{"start":{"line":22,"column":12},"end":{"line":22,"column":60}},"9":{"start":{"line":26,"column":8},"end":{"line":26,"column":63}},"10":{"start":{"line":27,"column":8},"end":{"line":29,"column":9}},"11":{"start":{"line":28,"column":12},"end":{"line":28,"column":36}},"12":{"start":{"line":31,"column":8},"end":{"line":31,"column":26}},"13":{"start":{"line":35,"column":8},"end":{"line":35,"column":70}}},"branchMap":{"1":{"line":14,"type":"if","locations":[{"start":{"line":14,"column":8},"end":{"line":14,"column":8}},{"start":{"line":14,"column":8},"end":{"line":14,"column":8}}]},"2":{"line":21,"type":"if","locations":[{"start":{"line":21,"column":8},"end":{"line":21,"column":8}},{"start":{"line":21,"column":8},"end":{"line":21,"column":8}}]},"3":{"line":26,"type":"binary-expr","locations":[{"start":{"line":26,"column":18},"end":{"line":26,"column":29}},{"start":{"line":26,"column":33},"end":{"line":26,"column":62}}]},"4":{"line":27,"type":"if","locations":[{"start":{"line":27,"column":8},"end":{"line":27,"column":8}},{"start":{"line":27,"column":8},"end":{"line":27,"column":8}}]}}},"/Users/levontamrazov/Documents/projects/react-node-chat/server/lib/router/index.js":{"path":"/Users/levontamrazov/Documents/projects/react-node-chat/server/lib/router/index.js","s":{"1":1,"2":1,"3":1,"4":0,"5":1},"b":{},"f":{},"fnMap":{},"statementMap":{"1":{"start":{"line":7,"column":0},"end":{"line":7,"column":35}},"2":{"start":{"line":8,"column":0},"end":{"line":8,"column":32}},"3":{"start":{"line":13,"column":0},"end":{"line":15,"column":3}},"4":{"start":{"line":14,"column":4},"end":{"line":14,"column":31}},"5":{"start":{"line":17,"column":0},"end":{"line":17,"column":24}}},"branchMap":{}},"/Users/levontamrazov/Documents/projects/react-node-chat/server/lib/router/router.spec.js":{"path":"/Users/levontamrazov/Documents/projects/react-node-chat/server/lib/router/router.spec.js","s":{"1":1,"2":1,"3":1,"4":1,"5":1,"6":1,"7":1,"8":1,"9":1,"10":1,"11":1,"12":1},"b":{},"f":{},"fnMap":{},"statementMap":{"1":{"start":{"line":3,"column":0},"end":{"line":3,"column":37}},"2":{"start":{"line":4,"column":0},"end":{"line":4,"column":29}},"3":{"start":{"line":5,"column":0},"end":{"line":5,"column":27}},"4":{"start":{"line":6,"column":0},"end":{"line":6,"column":29}},"5":{"start":{"line":7,"column":0},"end":{"line":7,"column":31}},"6":{"start":{"line":8,"column":0},"end":{"line":8,"column":40}},"7":{"start":{"line":9,"column":0},"end":{"line":9,"column":20}},"8":{"start":{"line":11,"column":0},"end":{"line":17,"column":3}},"9":{"start":{"line":12,"column":4},"end":{"line":16,"column":7}},"10":{"start":{"line":13,"column":8},"end":{"line":13,"column":34}},"11":{"start":{"line":14,"column":8},"end":{"line":14,"column":28}},"12":{"start":{"line":15,"column":8},"end":{"line":15,"column":15}}},"branchMap":{}}}