TN:
SF:/Users/levontamrazov/Documents/projects/react-node-chat/server/index.js
FNF:0
FNH:0
DA:7,1
DA:8,1
DA:9,1
DA:10,1
DA:11,1
DA:12,1
DA:14,1
DA:16,1
DA:21,1
DA:26,1
DA:31,1
DA:36,1
DA:41,1
DA:46,1
LF:14
LH:14
BRF:0
BRH:0
end_of_record
TN:
SF:/Users/levontamrazov/Documents/projects/react-node-chat/server/lib/express-logger/index.js
FN:15,ExpressLogger
FN:23,middleware
FNF:2
FNH:1
FNDA:1,ExpressLogger
FNDA:0,middleware
DA:7,1
DA:15,1
DA:23,1
DA:24,0
DA:25,0
DA:29,1
LF:6
LH:4
BRF:0
BRH:0
end_of_record
TN:
SF:/Users/levontamrazov/Documents/projects/react-node-chat/server/lib/logger/index.js
FN:18,(anonymous_1)
FNF:1
FNH:0
FNDA:0,(anonymous_1)
DA:7,1
DA:12,1
DA:17,1
DA:20,0
DA:26,1
LF:5
LH:4
BRF:0
BRH:0
end_of_record
TN:
SF:/Users/levontamrazov/Documents/projects/react-node-chat/server/lib/error-util/index.js
FNF:0
FNH:0
DA:8,1
DA:9,1
DA:14,1
DA:19,1
DA:24,1
LF:5
LH:5
BRF:0
BRH:0
end_of_record
TN:
SF:/Users/levontamrazov/Documents/projects/react-node-chat/server/lib/error-util/errors.js
FN:13,getTypes
FN:15,(anonymous_2)
FN:19,(anonymous_3)
FN:23,(anonymous_4)
FN:27,(anonymous_5)
FN:31,(anonymous_6)
FN:35,(anonymous_7)
FN:39,(anonymous_8)
FN:49,createError
FNF:9
FNH:1
FNDA:1,getTypes
FNDA:0,(anonymous_2)
FNDA:0,(anonymous_3)
FNDA:0,(anonymous_4)
FNDA:0,(anonymous_5)
FNDA:0,(anonymous_6)
FNDA:0,(anonymous_7)
FNDA:0,(anonymous_8)
FNDA:0,createError
DA:7,1
DA:13,1
DA:14,1
DA:16,0
DA:20,0
DA:24,0
DA:28,0
DA:32,0
DA:36,0
DA:40,0
DA:49,1
DA:50,0
LF:12
LH:4
BRDA:16,1,0,0
BRDA:16,1,1,0
BRDA:20,2,0,0
BRDA:20,2,1,0
BRDA:24,3,0,0
BRDA:24,3,1,0
BRDA:28,4,0,0
BRDA:28,4,1,0
BRDA:32,5,0,0
BRDA:32,5,1,0
BRDA:36,6,0,0
BRDA:36,6,1,0
BRDA:40,7,0,0
BRDA:40,7,1,0
BRF:14
BRH:0
end_of_record
TN:
SF:/Users/levontamrazov/Documents/projects/react-node-chat/server/lib/error-util/express-handler.js
FN:12,ErrorHandler
FN:13,middleware
FNF:2
FNH:1
FNDA:1,ErrorHandler
FNDA:0,middleware
DA:8,1
DA:10,1
DA:12,1
DA:13,1
DA:14,0
DA:16,0
DA:21,0
DA:22,0
DA:26,0
DA:27,0
DA:28,0
DA:31,0
DA:35,0
LF:13
LH:4
BRDA:14,1,0,0
BRDA:14,1,1,0
BRDA:21,2,0,0
BRDA:21,2,1,0
BRDA:26,3,0,0
BRDA:26,3,1,0
BRDA:27,4,0,0
BRDA:27,4,1,0
BRF:8
BRH:0
end_of_record
TN:
SF:/Users/levontamrazov/Documents/projects/react-node-chat/server/lib/router/index.js
FNF:0
FNH:0
DA:7,1
DA:8,1
DA:13,1
DA:14,0
DA:17,1
LF:5
LH:4
BRF:0
BRH:0
end_of_record
TN:
SF:/Users/levontamrazov/Documents/projects/react-node-chat/server/lib/router/router.spec.js
FNF:0
FNH:0
DA:3,1
DA:4,1
DA:5,1
DA:6,1
DA:7,1
DA:8,1
DA:9,1
DA:11,1
DA:12,1
DA:13,1
DA:14,1
DA:15,1
LF:12
LH:12
BRF:0
BRH:0
end_of_record
